<?xml version="1.0" encoding="UTF-8"?>
<!-- Generated by org.testng.reporters.JUnitReportReporter -->
<testsuite skipped="0" hostname="DESKTOP-KI1C1PT" name="pagefactory.com.tests.PagefactoryTests_AddCart_From_Wishlist" tests="2" failures="0" timestamp="2019-11-13T20:31:02 BDT" time="24.308" errors="0">
  <testcase name="Verify_AddToCartFromWishlist_Before_login" time="11.216" classname="pagefactory.com.tests.PagefactoryTests_AddCart_From_Wishlist"/>
  <testcase name="Verify_AddToCartFromWishlist_After_login" time="13.092" classname="pagefactory.com.tests.PagefactoryTests_AddCart_From_Wishlist"/>
</testsuite> <!-- pagefactory.com.tests.PagefactoryTests_AddCart_From_Wishlist -->
