<?xml version="1.0" encoding="UTF-8"?>
<!-- Generated by org.testng.reporters.JUnitReportReporter -->
<testsuite skipped="0" hostname="DESKTOP-CHKGKOF" name="pagefactory.com.tests.PagefactoryTests_AddCart_From_Wishlist" tests="2" failures="0" timestamp="2021-07-20T23:25:11 BDT" time="19.430" errors="0">
  <testcase name="Verify_AddToCartFromWishlist_Before_login" time="8.762" classname="pagefactory.com.tests.PagefactoryTests_AddCart_From_Wishlist"/>
  <system-out/>
  <testcase name="Verify_AddToCartFromWishlist_After_login" time="10.668" classname="pagefactory.com.tests.PagefactoryTests_AddCart_From_Wishlist"/>
  <system-out/>
</testsuite> <!-- pagefactory.com.tests.PagefactoryTests_AddCart_From_Wishlist -->
