<?xml version="1.0" encoding="UTF-8"?>
<!-- Generated by org.testng.reporters.JUnitReportReporter -->
<testsuite skipped="0" hostname="DESKTOP-CHKGKOF" name="pagefactory.com.tests.PagefactoryTests_Wishlist" tests="2" failures="0" timestamp="2021-07-20T23:48:59 BDT" time="20.480" errors="0">
  <testcase name="Verify_AddToWishlist_Before_login" time="9.409" classname="pagefactory.com.tests.PagefactoryTests_Wishlist"/>
  <system-out/>
  <testcase name="Verify_AddToWishlist_After_login" time="11.071" classname="pagefactory.com.tests.PagefactoryTests_Wishlist"/>
  <system-out/>
</testsuite> <!-- pagefactory.com.tests.PagefactoryTests_Wishlist -->
