<?xml version="1.0" encoding="UTF-8"?>
<!-- Generated by org.testng.reporters.JUnitReportReporter -->
<testsuite skipped="0" hostname="DESKTOP-KI1C1PT" name="pagefactory.com.tests.PagefactoryTests_Login" tests="3" failures="0" timestamp="2019-11-13T20:31:55 BDT" time="14.912" errors="0">
  <testcase name="login_negative_all_invalid_value" time="4.067" classname="pagefactory.com.tests.PagefactoryTests_Login"/>
  <testcase name="login_negative_blank_value" time="3.452" classname="pagefactory.com.tests.PagefactoryTests_Login"/>
  <testcase name="login_positive_all_valid_value" time="7.393" classname="pagefactory.com.tests.PagefactoryTests_Login"/>
</testsuite> <!-- pagefactory.com.tests.PagefactoryTests_Login -->
