<?xml version="1.0" encoding="UTF-8"?>
<!-- Generated by org.testng.reporters.JUnitReportReporter -->
<testsuite skipped="0" hostname="DESKTOP-CHKGKOF" name="pagefactory.com.tests.PagefactoryTests_Login" tests="3" failures="0" timestamp="2021-07-15T02:20:36 BDT" time="17.858" errors="0">
  <testcase name="login_positive_all_valid_value" time="9.711" classname="pagefactory.com.tests.PagefactoryTests_Login"/>
  <system-out/>
  <testcase name="login_negative_all_invalid_value" time="3.027" classname="pagefactory.com.tests.PagefactoryTests_Login"/>
  <system-out/>
  <testcase name="login_negative_blank_value" time="5.120" classname="pagefactory.com.tests.PagefactoryTests_Login"/>
  <system-out/>
</testsuite> <!-- pagefactory.com.tests.PagefactoryTests_Login -->
