<?xml version="1.0" encoding="UTF-8"?>
<!-- Generated by org.testng.reporters.JUnitReportReporter -->
<testsuite skipped="0" hostname="DESKTOP-KI1C1PT" name="pagefactory.com.tests.PagefactoryTests_Reg" tests="19" failures="0" timestamp="2019-11-13T20:48:06 BDT" time="94.845" errors="0">
  <testcase name="Registration_Negative_valid_FirstName" time="4.406" classname="pagefactory.com.tests.PagefactoryTests_Reg"/>
  <testcase name="Registration_Negative_valid_RePassword" time="4.796" classname="pagefactory.com.tests.PagefactoryTests_Reg"/>
  <testcase name="Registration_Positive_Click_Yes_Button_with_Valid_Value" time="8.215" classname="pagefactory.com.tests.PagefactoryTests_Reg"/>
  <testcase name="Registration_Negative_Invalid_LastName" time="5.037" classname="pagefactory.com.tests.PagefactoryTests_Reg"/>
  <testcase name="Registration_Negative_Invalid_FirstName" time="4.794" classname="pagefactory.com.tests.PagefactoryTests_Reg"/>
  <testcase name="Registration_Negative_Invalid_Password" time="4.477" classname="pagefactory.com.tests.PagefactoryTests_Reg"/>
  <testcase name="Registration_Negative_Blank_all_value" time="4.548" classname="pagefactory.com.tests.PagefactoryTests_Reg"/>
  <testcase name="Registration_Negative_valid_Telephone" time="4.651" classname="pagefactory.com.tests.PagefactoryTests_Reg"/>
  <testcase name="Registration_Negative_Without_Click_Agree" time="4.235" classname="pagefactory.com.tests.PagefactoryTests_Reg"/>
  <testcase name="Registration_Positive_all_valid_value" time="8.258" classname="pagefactory.com.tests.PagefactoryTests_Reg"/>
  <testcase name="Registration_Negative_Invalid_RePassword" time="4.424" classname="pagefactory.com.tests.PagefactoryTests_Reg"/>
  <testcase name="Registration_Negative_valid_LastName" time="4.553" classname="pagefactory.com.tests.PagefactoryTests_Reg"/>
  <testcase name="Registration_Negative_Invalid_Telephone" time="4.237" classname="pagefactory.com.tests.PagefactoryTests_Reg"/>
  <testcase name="Registration_Negative_Invalid_Email" time="4.252" classname="pagefactory.com.tests.PagefactoryTests_Reg"/>
  <testcase name="Registration_Negative_Invalid_all_value" time="4.794" classname="pagefactory.com.tests.PagefactoryTests_Reg"/>
  <testcase name="Registration_Negative_Click_Yes_Button_with_Invalid_Value" time="4.944" classname="pagefactory.com.tests.PagefactoryTests_Reg"/>
  <testcase name="Registration_Negative_valid_Email" time="4.631" classname="pagefactory.com.tests.PagefactoryTests_Reg"/>
  <testcase name="Registration_Negative_Different_Password_Repassword" time="4.438" classname="pagefactory.com.tests.PagefactoryTests_Reg"/>
  <testcase name="Registration_Negative_valid_Password" time="5.155" classname="pagefactory.com.tests.PagefactoryTests_Reg"/>
</testsuite> <!-- pagefactory.com.tests.PagefactoryTests_Reg -->
