<?xml version="1.0" encoding="UTF-8"?>
<!-- Generated by org.testng.reporters.JUnitReportReporter -->
<testsuite skipped="0" hostname="DESKTOP-CHKGKOF" name="pagefactory.com.tests.PagefactoryTests_Reg" tests="19" failures="0" timestamp="2021-07-20T23:48:59 BDT" time="72.200" errors="0">
  <testcase name="Registration_Negative_valid_Password" time="3.456" classname="pagefactory.com.tests.PagefactoryTests_Reg"/>
  <system-out/>
  <testcase name="Registration_Positive_all_valid_value" time="6.712" classname="pagefactory.com.tests.PagefactoryTests_Reg"/>
  <system-out/>
  <testcase name="Registration_Negative_Invalid_all_value" time="3.492" classname="pagefactory.com.tests.PagefactoryTests_Reg"/>
  <system-out/>
  <testcase name="Registration_Negative_Click_Yes_Button_with_Invalid_Value" time="3.836" classname="pagefactory.com.tests.PagefactoryTests_Reg"/>
  <system-out/>
  <testcase name="Registration_Negative_Invalid_Email" time="3.428" classname="pagefactory.com.tests.PagefactoryTests_Reg"/>
  <system-out/>
  <testcase name="Registration_Negative_Invalid_FirstName" time="3.466" classname="pagefactory.com.tests.PagefactoryTests_Reg"/>
  <system-out/>
  <testcase name="Registration_Negative_Invalid_RePassword" time="3.296" classname="pagefactory.com.tests.PagefactoryTests_Reg"/>
  <system-out/>
  <testcase name="Registration_Negative_Blank_all_value" time="3.417" classname="pagefactory.com.tests.PagefactoryTests_Reg"/>
  <system-out/>
  <testcase name="Registration_Negative_valid_FirstName" time="3.507" classname="pagefactory.com.tests.PagefactoryTests_Reg"/>
  <system-out/>
  <testcase name="Registration_Negative_valid_LastName" time="3.555" classname="pagefactory.com.tests.PagefactoryTests_Reg"/>
  <system-out/>
  <testcase name="Registration_Negative_valid_Telephone" time="3.427" classname="pagefactory.com.tests.PagefactoryTests_Reg"/>
  <system-out/>
  <testcase name="Registration_Negative_valid_RePassword" time="3.514" classname="pagefactory.com.tests.PagefactoryTests_Reg"/>
  <system-out/>
  <testcase name="Registration_Negative_Invalid_Telephone" time="3.364" classname="pagefactory.com.tests.PagefactoryTests_Reg"/>
  <system-out/>
  <testcase name="Registration_Negative_valid_Email" time="3.547" classname="pagefactory.com.tests.PagefactoryTests_Reg"/>
  <system-out/>
  <testcase name="Registration_Negative_Without_Click_Agree" time="3.214" classname="pagefactory.com.tests.PagefactoryTests_Reg"/>
  <system-out/>
  <testcase name="Registration_Negative_Invalid_Password" time="3.358" classname="pagefactory.com.tests.PagefactoryTests_Reg"/>
  <system-out/>
  <testcase name="Registration_Negative_Invalid_LastName" time="3.482" classname="pagefactory.com.tests.PagefactoryTests_Reg"/>
  <system-out/>
  <testcase name="Registration_Negative_Different_Password_Repassword" time="3.443" classname="pagefactory.com.tests.PagefactoryTests_Reg"/>
  <system-out/>
  <testcase name="Registration_Positive_Click_Yes_Button_with_Valid_Value" time="6.686" classname="pagefactory.com.tests.PagefactoryTests_Reg"/>
  <system-out/>
</testsuite> <!-- pagefactory.com.tests.PagefactoryTests_Reg -->
