<?xml version="1.0" encoding="UTF-8"?>
<!-- Generated by org.testng.reporters.JUnitReportReporter -->
<testsuite skipped="0" hostname="DESKTOP-CHKGKOF" name="pagefactory.com.tests.PagefactoryTests_Login" tests="3" failures="0" timestamp="2021-07-20T23:48:59 BDT" time="12.467" errors="0">
  <testcase name="login_negative_all_invalid_value" time="3.311" classname="pagefactory.com.tests.PagefactoryTests_Login"/>
  <system-out/>
  <testcase name="login_negative_blank_value" time="2.934" classname="pagefactory.com.tests.PagefactoryTests_Login"/>
  <system-out/>
  <testcase name="login_positive_all_valid_value" time="6.222" classname="pagefactory.com.tests.PagefactoryTests_Login"/>
  <system-out/>
</testsuite> <!-- pagefactory.com.tests.PagefactoryTests_Login -->
