<?xml version="1.0" encoding="UTF-8"?>
<!-- Generated by org.testng.reporters.JUnitReportReporter -->
<testsuite skipped="0" hostname="DESKTOP-CHKGKOF" name="pagefactory.com.tests.PagefactoryTests_Count_Product" tests="2" failures="0" timestamp="2021-07-20T23:25:11 BDT" time="24.227" errors="0">
  <testcase name="Verify_CountProduct_After_login" time="11.395" classname="pagefactory.com.tests.PagefactoryTests_Count_Product"/>
  <system-out/>
  <testcase name="Verify_CountProduct_Before_login_and_Check_Existing_Of_CountProduct_After_Login" time="12.832" classname="pagefactory.com.tests.PagefactoryTests_Count_Product"/>
  <system-out/>
</testsuite> <!-- pagefactory.com.tests.PagefactoryTests_Count_Product -->
