<?xml version="1.0" encoding="UTF-8"?>
<!-- Generated by org.testng.reporters.JUnitReportReporter -->
<testsuite skipped="0" hostname="DESKTOP-CHKGKOF" name="pagefactory.com.tests.PagefactoryTests_Reg" tests="19" failures="0" timestamp="2021-07-20T23:25:11 BDT" time="70.159" errors="0">
  <testcase name="Registration_Negative_Blank_all_value" time="3.275" classname="pagefactory.com.tests.PagefactoryTests_Reg"/>
  <system-out/>
  <testcase name="Registration_Negative_Invalid_FirstName" time="3.301" classname="pagefactory.com.tests.PagefactoryTests_Reg"/>
  <system-out/>
  <testcase name="Registration_Positive_Click_Yes_Button_with_Valid_Value" time="6.630" classname="pagefactory.com.tests.PagefactoryTests_Reg"/>
  <system-out/>
  <testcase name="Registration_Negative_Invalid_RePassword" time="3.351" classname="pagefactory.com.tests.PagefactoryTests_Reg"/>
  <system-out/>
  <testcase name="Registration_Negative_Without_Click_Agree" time="3.155" classname="pagefactory.com.tests.PagefactoryTests_Reg"/>
  <system-out/>
  <testcase name="Registration_Negative_valid_LastName" time="3.403" classname="pagefactory.com.tests.PagefactoryTests_Reg"/>
  <system-out/>
  <testcase name="Registration_Positive_all_valid_value" time="6.539" classname="pagefactory.com.tests.PagefactoryTests_Reg"/>
  <system-out/>
  <testcase name="Registration_Negative_Invalid_Telephone" time="3.270" classname="pagefactory.com.tests.PagefactoryTests_Reg"/>
  <system-out/>
  <testcase name="Registration_Negative_Different_Password_Repassword" time="3.289" classname="pagefactory.com.tests.PagefactoryTests_Reg"/>
  <system-out/>
  <testcase name="Registration_Negative_valid_Email" time="3.413" classname="pagefactory.com.tests.PagefactoryTests_Reg"/>
  <system-out/>
  <testcase name="Registration_Negative_Click_Yes_Button_with_Invalid_Value" time="3.588" classname="pagefactory.com.tests.PagefactoryTests_Reg"/>
  <system-out/>
  <testcase name="Registration_Negative_valid_Password" time="3.385" classname="pagefactory.com.tests.PagefactoryTests_Reg"/>
  <system-out/>
  <testcase name="Registration_Negative_Invalid_Password" time="3.273" classname="pagefactory.com.tests.PagefactoryTests_Reg"/>
  <system-out/>
  <testcase name="Registration_Negative_valid_Telephone" time="3.432" classname="pagefactory.com.tests.PagefactoryTests_Reg"/>
  <system-out/>
  <testcase name="Registration_Negative_valid_RePassword" time="3.391" classname="pagefactory.com.tests.PagefactoryTests_Reg"/>
  <system-out/>
  <testcase name="Registration_Negative_Invalid_all_value" time="3.415" classname="pagefactory.com.tests.PagefactoryTests_Reg"/>
  <system-out/>
  <testcase name="Registration_Negative_valid_FirstName" time="3.429" classname="pagefactory.com.tests.PagefactoryTests_Reg"/>
  <system-out/>
  <testcase name="Registration_Negative_Invalid_Email" time="3.355" classname="pagefactory.com.tests.PagefactoryTests_Reg"/>
  <system-out/>
  <testcase name="Registration_Negative_Invalid_LastName" time="3.265" classname="pagefactory.com.tests.PagefactoryTests_Reg"/>
  <system-out/>
</testsuite> <!-- pagefactory.com.tests.PagefactoryTests_Reg -->
