<?xml version="1.0" encoding="UTF-8"?>
<!-- Generated by org.testng.reporters.JUnitReportReporter -->
<testsuite skipped="0" hostname="DESKTOP-CHKGKOF" name="pagefactory.com.tests.PagefactoryTests_OrderHistory_Transaction_Download" tests="3" failures="0" timestamp="2021-07-20T23:48:59 BDT" time="24.870" errors="0">
  <testcase name="Verify_Download_Page" time="9.611" classname="pagefactory.com.tests.PagefactoryTests_OrderHistory_Transaction_Download"/>
  <system-out/>
  <testcase name="Verify_Order_History_Page" time="7.752" classname="pagefactory.com.tests.PagefactoryTests_OrderHistory_Transaction_Download"/>
  <system-out/>
  <testcase name="Verify_Transaction_Page" time="7.507" classname="pagefactory.com.tests.PagefactoryTests_OrderHistory_Transaction_Download"/>
  <system-out/>
</testsuite> <!-- pagefactory.com.tests.PagefactoryTests_OrderHistory_Transaction_Download -->
