<?xml version="1.0" encoding="UTF-8"?>
<!-- Generated by org.testng.reporters.JUnitReportReporter -->
<testsuite skipped="0" hostname="DESKTOP-CHKGKOF" name="pagefactory.com.tests.PagefactoryTests_Search" tests="6" failures="0" timestamp="2021-07-20T23:25:11 BDT" time="67.210" errors="0">
  <testcase name="search_invalid_value_without_login" time="11.414" classname="pagefactory.com.tests.PagefactoryTests_Search"/>
  <system-out/>
  <testcase name="search_valid_value_without_login" time="1.457" classname="pagefactory.com.tests.PagefactoryTests_Search"/>
  <system-out/>
  <testcase name="search_blank_value_with_login" time="17.600" classname="pagefactory.com.tests.PagefactoryTests_Search"/>
  <system-out/>
  <testcase name="search_blank_value_without_login" time="11.458" classname="pagefactory.com.tests.PagefactoryTests_Search"/>
  <system-out/>
  <testcase name="search_invalid_value_with_login" time="17.646" classname="pagefactory.com.tests.PagefactoryTests_Search"/>
  <system-out/>
  <testcase name="search_valid_value_with_login" time="7.635" classname="pagefactory.com.tests.PagefactoryTests_Search"/>
  <system-out/>
</testsuite> <!-- pagefactory.com.tests.PagefactoryTests_Search -->
