<?xml version="1.0" encoding="UTF-8"?>
<!-- Generated by org.testng.reporters.JUnitReportReporter -->
<testsuite hostname="DESKTOP-CHKGKOF" failures="0" tests="3" name="pagefactory.com.tests.PagefactoryTests_Login" time="14.531" errors="0" timestamp="2022-02-01T16:23:22 BDT" skipped="0">
  <testcase classname="pagefactory.com.tests.PagefactoryTests_Login" name="login_negative_blank_value" time="3.487"/>
  <system-out/>
  <testcase classname="pagefactory.com.tests.PagefactoryTests_Login" name="login_negative_all_invalid_value" time="3.650"/>
  <system-out/>
  <testcase classname="pagefactory.com.tests.PagefactoryTests_Login" name="login_positive_all_valid_value" time="7.394"/>
  <system-out/>
</testsuite> <!-- pagefactory.com.tests.PagefactoryTests_Login -->
