<?xml version="1.0" encoding="UTF-8"?>
<!-- Generated by org.testng.reporters.JUnitReportReporter -->
<testsuite skipped="0" hostname="DESKTOP-CHKGKOF" name="pagefactory.com.tests.PagefactoryTests_OrderHistory_Transaction_Download" tests="3" failures="0" timestamp="2021-07-20T23:25:11 BDT" time="22.730" errors="0">
  <testcase name="Verify_Order_History_Page" time="7.566" classname="pagefactory.com.tests.PagefactoryTests_OrderHistory_Transaction_Download"/>
  <system-out/>
  <testcase name="Verify_Transaction_Page" time="7.576" classname="pagefactory.com.tests.PagefactoryTests_OrderHistory_Transaction_Download"/>
  <system-out/>
  <testcase name="Verify_Download_Page" time="7.588" classname="pagefactory.com.tests.PagefactoryTests_OrderHistory_Transaction_Download"/>
  <system-out/>
</testsuite> <!-- pagefactory.com.tests.PagefactoryTests_OrderHistory_Transaction_Download -->
