<?xml version="1.0" encoding="UTF-8"?>
<!-- Generated by org.testng.reporters.JUnitReportReporter -->
<testsuite skipped="0" hostname="DESKTOP-CHKGKOF" name="pagefactory.com.tests.PagefactoryTests_Cartlist" tests="2" failures="0" timestamp="2021-07-20T23:48:59 BDT" time="17.938" errors="0">
  <testcase name="Verify_AddToCartlist_Before_login_and_Check_Existing_Of_Cartlist_After_Login" time="9.109" classname="pagefactory.com.tests.PagefactoryTests_Cartlist"/>
  <system-out/>
  <testcase name="Verify_AddToCartlist_After_login" time="8.829" classname="pagefactory.com.tests.PagefactoryTests_Cartlist"/>
  <system-out/>
</testsuite> <!-- pagefactory.com.tests.PagefactoryTests_Cartlist -->
