<?xml version="1.0" encoding="UTF-8"?>
<!-- Generated by org.testng.reporters.JUnitReportReporter -->
<testsuite skipped="0" hostname="DESKTOP-CHKGKOF" name="pagefactory.com.tests.PagefactoryTests_Search" tests="6" failures="0" timestamp="2021-07-20T23:48:59 BDT" time="67.548" errors="0">
  <testcase name="search_blank_value_with_login" time="17.684" classname="pagefactory.com.tests.PagefactoryTests_Search"/>
  <system-out/>
  <testcase name="search_valid_value_with_login" time="7.781" classname="pagefactory.com.tests.PagefactoryTests_Search"/>
  <system-out/>
  <testcase name="search_invalid_value_with_login" time="17.654" classname="pagefactory.com.tests.PagefactoryTests_Search"/>
  <system-out/>
  <testcase name="search_valid_value_without_login" time="1.502" classname="pagefactory.com.tests.PagefactoryTests_Search"/>
  <system-out/>
  <testcase name="search_blank_value_without_login" time="11.408" classname="pagefactory.com.tests.PagefactoryTests_Search"/>
  <system-out/>
  <testcase name="search_invalid_value_without_login" time="11.519" classname="pagefactory.com.tests.PagefactoryTests_Search"/>
  <system-out/>
</testsuite> <!-- pagefactory.com.tests.PagefactoryTests_Search -->
